================================================================
======== txAdmin v8.0.1 atop fxserver 19826 Starting - 21.9.2025 05.55.22
================================================================
[05:55:35][RealReddox] created admins file
[05:55:52][RealReddox] Config changes: general.serverName
[05:55:52][RealReddox] Changing global settings via setup stepper and started Deployer.
[05:55:53][RealReddox] Setting recipe.
[05:56:32][RealReddox] Running recipe.
[06:01:36][RealReddox] Config changes: server.dataPath
[06:01:36][RealReddox] Completed and committed server deploy.
[06:30:36][RealReddox] [RealReddox] executed "/setgroup me superadmin"
[06:30:41][RealReddox] [RealReddox] executed "setgroup 1 superadmin"
[06:31:07][RealReddox] [RealReddox] executed "setgroup 1 owner"
[06:31:20][RealReddox] [RealReddox] executed "group 1"
[06:31:31][RealReddox] [RealReddox] executed "say The group of ID: 1 is owner"
[06:33:47][RealReddox] [RealReddox] executed "setgroup 1 superadmin"
[06:37:03][RealReddox] Stopped resource "oxmysql"
[06:37:04][RealReddox] Refreshed resources
[06:40:07][RealReddox] Refreshed resources
[06:40:10][RealReddox] Ensured resource "oxmysql"
[06:40:20][RealReddox] Refreshed resources
[06:40:22][RealReddox] Ensured resource "ox_target"
[06:40:34][RealReddox] [RealReddox] executed "ensure ox_inventory"
[06:40:37][RealReddox] [RealReddox] executed "ensure ox_doorlock"
[06:52:52][RealReddox] Changing own identifiers.
================================================================
======== txAdmin v8.0.1 atop fxserver 19826 Starting - 21.9.2025 17.20.39
================================================================
[17:22:42][RealReddox] Ensured resource "cg-boosting"
[17:23:01][RealReddox] [RealReddox] executed "setgroup 1 owner"
[17:23:17][RealReddox] [RealReddox] executed "setgroup 1 superadmin"
