================================================================
======== txAdmin v8.0.1 atop fxserver 19826 Starting - 21.9.2025 05.55.22
================================================================
[06.01.39] txAdmin: Logger started
[06.02.04] [dL7ba#1] Codz: joined with identifiers [license:3551…11b9, xbl:2535…7539, live:9851…1911, discord:7021…0848, license2:e1eb…4566]
[06.31.10] [dL7ba#1] Codz: said "/admin"
[06.31.32] UNKNOWN: (console): said "The group of ID: 1 is owner"
[06.51.38] [dL7ba#1] Codz: caused an explosion (PETROL_PUMP)
[06.51.38] [dL7ba#1] Codz: caused an explosion (CAR)
[06.51.38] [dL7ba#1] Codz: caused an explosion (CAR)
[06.51.38] [dL7ba#1] Codz: caused an explosion (PETROL_PUMP)
[06.51.38] [dL7ba#1] Codz: caused an explosion (PETROL_PUMP)
[06.51.38] [dL7ba#1] Codz: died from suicide (Explosion)
[06.51.43] [dL7ba#1] Codz: said "/revive me"
[06.51.47] [dL7ba#1] Codz: said "/revive me"
[06.51.49] [dL7ba#1] Codz: said "/revive 1"
[06.52.57] [dL7ba#1] Codz: enabled noclip
[06.52.57] [dL7ba#1] Codz: became mortal (standard mode)
[06.52.58] [dL7ba#1] Codz: healed themself
[06.53.00] [dL7ba#1] Codz: enabled noclip
[06.53.00] [dL7ba#1] Codz: became mortal (standard mode)
[06.53.06] [dL7ba#1] Codz: spawned a vehicle (model: toros)
[06.57.16] [dL7ba#1] Codz: repaired their vehicle
[06.57.17] [dL7ba#1] Codz: boosted their vehicle
[07.00.09] [dL7ba#1] Codz: enabled noclip
[07.00.09] [dL7ba#1] Codz: became mortal (standard mode)
[07.00.11] [dL7ba#1] Codz: repaired their vehicle
[07.00.13] [dL7ba#1] Codz: deleted a vehicle
[07.00.15] [dL7ba#1] Codz: spawned a vehicle (model: toros)
[07.03.08] [dL7ba#1] Codz: enabled noclip
[07.03.14] [dL7ba#1] Codz: became mortal (standard mode)
[07.03.28] [dL7ba#1] Codz: teleported to a waypoint
[07.04.08] [dL7ba#1] Codz: teleported to a waypoint
[07.07.39] [dL7ba#1] Codz: disconnected (Exiting)
